16:08:11 **** Incremental Build of configuration Debug for project 103c8t6_flash ****
make -j12 all 
arm-none-eabi-gcc "../Drivers/Flash/flash.c" -mcpu=cortex-m3 -std=gnu11 -g3 -DDEBUG -DUSE_HAL_DRIVER -DSTM32F103xB -c -I../Core/Inc -I../Drivers/STM32F1xx_HAL_Driver/Inc/Legacy -I../Drivers/STM32F1xx_HAL_Driver/Inc -I../Drivers/CMSIS/Device/ST/STM32F1xx/Include -I../Drivers/CMSIS/Include -I"D:/ws-stm32/103c8t6_flash/Drivers/Flash" -O0 -ffunction-sections -fdata-sections -Wall -fstack-usage -fcyclomatic-complexity -MMD -MP -MF"Drivers/Flash/flash.d" -MT"Drivers/Flash/flash.o" --specs=nano.specs -mfloat-abi=soft -mthumb -o "Drivers/Flash/flash.o"
arm-none-eabi-gcc "../Core/Src/main.c" -mcpu=cortex-m3 -std=gnu11 -g3 -DDEBUG -DUSE_HAL_DRIVER -DSTM32F103xB -c -I../Core/Inc -I../Drivers/STM32F1xx_HAL_Driver/Inc/Legacy -I../Drivers/STM32F1xx_HAL_Driver/Inc -I../Drivers/CMSIS/Device/ST/STM32F1xx/Include -I../Drivers/CMSIS/Include -I"D:/ws-stm32/103c8t6_flash/Drivers/Flash" -O0 -ffunction-sections -fdata-sections -Wall -fstack-usage -fcyclomatic-complexity -MMD -MP -MF"Core/Src/main.d" -MT"Core/Src/main.o" --specs=nano.specs -mfloat-abi=soft -mthumb -o "Core/Src/main.o"
In file included from ../Drivers/Flash/flash.c:1:
../Drivers/Flash/flash.h:8: warning: "FLASH_PAGE_SIZE" redefined
    8 | #define FLASH_PAGE_SIZE         1024         // 根据您的MCU型号调整页面大小
      | 
In file included from ../Drivers/STM32F1xx_HAL_Driver/Inc/stm32f1xx_hal_flash.h:246,
                 from ../Core/Inc/stm32f1xx_hal_conf.h:286,
                 from ../Drivers/STM32F1xx_HAL_Driver/Inc/stm32f1xx_hal.h:29,
                 from ../Drivers/Flash/flash.h:4:
../Drivers/STM32F1xx_HAL_Driver/Inc/stm32f1xx_hal_flash_ex.h:241: note: this is the location of the previous definition
  241 | #define FLASH_PAGE_SIZE          0x400U
      | 
In file included from ../Core/Src/main.c:21:
D:/ws-stm32/103c8t6_flash/Drivers/Flash/flash.h:8: warning: "FLASH_PAGE_SIZE" redefined
    8 | #define FLASH_PAGE_SIZE         1024         // 根据您的MCU型号调整页面大小
      | 
In file included from ../Drivers/STM32F1xx_HAL_Driver/Inc/stm32f1xx_hal_flash.h:246,
                 from ../Core/Inc/stm32f1xx_hal_conf.h:286,
                 from ../Drivers/STM32F1xx_HAL_Driver/Inc/stm32f1xx_hal.h:29,
                 from ../Core/Inc/main.h:30,
                 from ../Core/Src/main.c:20:
../Drivers/STM32F1xx_HAL_Driver/Inc/stm32f1xx_hal_flash_ex.h:241: note: this is the location of the previous definition
  241 | #define FLASH_PAGE_SIZE          0x400U
      | 
../Core/Src/main.c: In function 'main':
../Core/Src/main.c:119:13: warning: implicit declaration of function 'memset' [-Wimplicit-function-declaration]
  119 |             memset(readBuffer, 0, sizeof(readBuffer));
      |             ^~~~~~
../Core/Src/main.c:22:1: note: include '<string.h>' or provide a declaration of 'memset'
   21 | #include "flash.h"
  +++ |+#include <string.h>
   22 | /* Private includes ----------------------------------------------------------*/
../Core/Src/main.c:119:13: warning: incompatible implicit declaration of built-in function 'memset' [-Wbuiltin-declaration-mismatch]
  119 |             memset(readBuffer, 0, sizeof(readBuffer));
      |             ^~~~~~
../Core/Src/main.c:119:13: note: include '<string.h>' or provide a declaration of 'memset'
../Core/Src/main.c:124:39: warning: pointer targets in passing argument 2 of 'HAL_UART_Transmit' differ in signedness [-Wpointer-sign]
  124 |             HAL_UART_Transmit(&huart1,readBuffer, sizeof(readBuffer), 13,HAL_MAX_DELAY);
      |                                       ^~~~~~~~~~
      |                                       |
      |                                       char *
In file included from ../Core/Inc/stm32f1xx_hal_conf.h:338:
../Drivers/STM32F1xx_HAL_Driver/Inc/stm32f1xx_hal_uart.h:749:79: note: expected 'const uint8_t *' {aka 'const unsigned char *'} but argument is of type 'char *'
  749 | HAL_StatusTypeDef HAL_UART_Transmit(UART_HandleTypeDef *huart, const uint8_t *pData, uint16_t Size, uint32_t Timeout);
      |                                                                ~~~~~~~~~~~~~~~^~~~~
../Core/Src/main.c:124:13: error: too many arguments to function 'HAL_UART_Transmit'
  124 |             HAL_UART_Transmit(&huart1,readBuffer, sizeof(readBuffer), 13,HAL_MAX_DELAY);
      |             ^~~~~~~~~~~~~~~~~
../Drivers/STM32F1xx_HAL_Driver/Inc/stm32f1xx_hal_uart.h:749:19: note: declared here
  749 | HAL_StatusTypeDef HAL_UART_Transmit(UART_HandleTypeDef *huart, const uint8_t *pData, uint16_t Size, uint32_t Timeout);
      |                   ^~~~~~~~~~~~~~~~~
make: *** [Core/Src/subdir.mk:34: Core/Src/main.o] Error 1
make: *** Waiting for unfinished jobs....
../Drivers/Flash/flash.c: In function 'Flash_Write_String':
../Drivers/Flash/flash.c:31:36: error: 'FLASH_TYPEPROGRAM_BYTE' undeclared (first use in this function); did you mean 'FLASH_TYPEPROGRAM_WORD'?
   31 |         status = HAL_FLASH_Program(FLASH_TYPEPROGRAM_BYTE, Address + i, str[i]);
      |                                    ^~~~~~~~~~~~~~~~~~~~~~
      |                                    FLASH_TYPEPROGRAM_WORD
../Drivers/Flash/flash.c:31:36: note: each undeclared identifier is reported only once for each function it appears in
make: *** [Drivers/Flash/subdir.mk:19: Drivers/Flash/flash.o] Error 1
"make -j12 all" terminated with exit code 2. Build might be incomplete.
16:10:25 **** Incremental Build of configuration Debug for project 103c8t6_flash ****
make -j12 all 
arm-none-eabi-gcc "../Drivers/Flash/flash.c" -mcpu=cortex-m3 -std=gnu11 -g3 -DDEBUG -DUSE_HAL_DRIVER -DSTM32F103xB -c -I../Core/Inc -I../Drivers/STM32F1xx_HAL_Driver/Inc/Legacy -I../Drivers/STM32F1xx_HAL_Driver/Inc -I../Drivers/CMSIS/Device/ST/STM32F1xx/Include -I../Drivers/CMSIS/Include -I"D:/ws-stm32/103c8t6_flash/Drivers/Flash" -O0 -ffunction-sections -fdata-sections -Wall -fstack-usage -fcyclomatic-complexity -MMD -MP -MF"Drivers/Flash/flash.d" -MT"Drivers/Flash/flash.o" --specs=nano.specs -mfloat-abi=soft -mthumb -o "Drivers/Flash/flash.o"
arm-none-eabi-gcc "../Core/Src/main.c" -mcpu=cortex-m3 -std=gnu11 -g3 -DDEBUG -DUSE_HAL_DRIVER -DSTM32F103xB -c -I../Core/Inc -I../Drivers/STM32F1xx_HAL_Driver/Inc/Legacy -I../Drivers/STM32F1xx_HAL_Driver/Inc -I../Drivers/CMSIS/Device/ST/STM32F1xx/Include -I../Drivers/CMSIS/Include -I"D:/ws-stm32/103c8t6_flash/Drivers/Flash" -O0 -ffunction-sections -fdata-sections -Wall -fstack-usage -fcyclomatic-complexity -MMD -MP -MF"Core/Src/main.d" -MT"Core/Src/main.o" --specs=nano.specs -mfloat-abi=soft -mthumb -o "Core/Src/main.o"
../Drivers/Flash/flash.c: In function 'Flash_Write_String':
../Drivers/Flash/flash.c:31:36: error: 'FLASH_TYPEPROGRAM_BYTE' undeclared (first use in this function); did you mean 'FLASH_TYPEPROGRAM_WORD'?
   31 |         status = HAL_FLASH_Program(FLASH_TYPEPROGRAM_BYTE, Address + i, str[i]);
      |                                    ^~~~~~~~~~~~~~~~~~~~~~
      |                                    FLASH_TYPEPROGRAM_WORD
../Drivers/Flash/flash.c:31:36: note: each undeclared identifier is reported only once for each function it appears in
../Core/Src/main.c: In function 'main':
../Core/Src/main.c:122:54: warning: pointer targets in passing argument 2 of 'Flash_Read_String' differ in signedness [-Wpointer-sign]
  122 |             Flash_Read_String(FLASH_USER_START_ADDR, readBuffer, sizeof(readBuffer));
      |                                                      ^~~~~~~~~~
      |                                                      |
      |                                                      uint8_t * {aka unsigned char *}
In file included from ../Core/Src/main.c:21:
D:/ws-stm32/103c8t6_flash/Drivers/Flash/flash.h:13:49: note: expected 'char *' but argument is of type 'uint8_t *' {aka 'unsigned char *'}
   13 | char* Flash_Read_String(uint32_t Address, char *buffer, uint32_t buffer_size);
      |                                           ~~~~~~^~~~~~
../Core/Src/main.c:124:13: error: too many arguments to function 'HAL_UART_Transmit'
  124 |             HAL_UART_Transmit(&huart1,readBuffer, sizeof(readBuffer), 13,HAL_MAX_DELAY);
      |             ^~~~~~~~~~~~~~~~~
In file included from ../Core/Inc/stm32f1xx_hal_conf.h:338,
                 from ../Drivers/STM32F1xx_HAL_Driver/Inc/stm32f1xx_hal.h:29,
                 from ../Core/Inc/main.h:30,
                 from ../Core/Src/main.c:20:
../Drivers/STM32F1xx_HAL_Driver/Inc/stm32f1xx_hal_uart.h:749:19: note: declared here
  749 | HAL_StatusTypeDef HAL_UART_Transmit(UART_HandleTypeDef *huart, const uint8_t *pData, uint16_t Size, uint32_t Timeout);
      |                   ^~~~~~~~~~~~~~~~~
make: *** [Drivers/Flash/subdir.mk:19: Drivers/Flash/flash.o] Error 1
make: *** Waiting for unfinished jobs....
make: *** [Core/Src/subdir.mk:34: Core/Src/main.o] Error 1
"make -j12 all" terminated with exit code 2. Build might be incomplete.
16:10:58 **** Incremental Build of configuration Debug for project 103c8t6_flash ****
make -j12 all 
arm-none-eabi-gcc "../Drivers/Flash/flash.c" -mcpu=cortex-m3 -std=gnu11 -g3 -DDEBUG -DUSE_HAL_DRIVER -DSTM32F103xB -c -I../Core/Inc -I../Drivers/STM32F1xx_HAL_Driver/Inc/Legacy -I../Drivers/STM32F1xx_HAL_Driver/Inc -I../Drivers/CMSIS/Device/ST/STM32F1xx/Include -I../Drivers/CMSIS/Include -I"D:/ws-stm32/103c8t6_flash/Drivers/Flash" -O0 -ffunction-sections -fdata-sections -Wall -fstack-usage -fcyclomatic-complexity -MMD -MP -MF"Drivers/Flash/flash.d" -MT"Drivers/Flash/flash.o" --specs=nano.specs -mfloat-abi=soft -mthumb -o "Drivers/Flash/flash.o"
arm-none-eabi-gcc "../Core/Src/main.c" -mcpu=cortex-m3 -std=gnu11 -g3 -DDEBUG -DUSE_HAL_DRIVER -DSTM32F103xB -c -I../Core/Inc -I../Drivers/STM32F1xx_HAL_Driver/Inc/Legacy -I../Drivers/STM32F1xx_HAL_Driver/Inc -I../Drivers/CMSIS/Device/ST/STM32F1xx/Include -I../Drivers/CMSIS/Include -I"D:/ws-stm32/103c8t6_flash/Drivers/Flash" -O0 -ffunction-sections -fdata-sections -Wall -fstack-usage -fcyclomatic-complexity -MMD -MP -MF"Core/Src/main.d" -MT"Core/Src/main.o" --specs=nano.specs -mfloat-abi=soft -mthumb -o "Core/Src/main.o"
../Drivers/Flash/flash.c: In function 'Flash_Write_String':
../Drivers/Flash/flash.c:31:36: error: 'FLASH_TYPEPROGRAM_BYTE' undeclared (first use in this function); did you mean 'FLASH_TYPEPROGRAM_WORD'?
   31 |         status = HAL_FLASH_Program(FLASH_TYPEPROGRAM_BYTE, Address + i, str[i]);
      |                                    ^~~~~~~~~~~~~~~~~~~~~~
      |                                    FLASH_TYPEPROGRAM_WORD
../Drivers/Flash/flash.c:31:36: note: each undeclared identifier is reported only once for each function it appears in
../Core/Src/main.c: In function 'main':
../Core/Src/main.c:122:54: warning: pointer targets in passing argument 2 of 'Flash_Read_String' differ in signedness [-Wpointer-sign]
  122 |             Flash_Read_String(FLASH_USER_START_ADDR, readBuffer, sizeof(readBuffer));
      |                                                      ^~~~~~~~~~
      |                                                      |
      |                                                      uint8_t * {aka unsigned char *}
In file included from ../Core/Src/main.c:21:
D:/ws-stm32/103c8t6_flash/Drivers/Flash/flash.h:13:49: note: expected 'char *' but argument is of type 'uint8_t *' {aka 'unsigned char *'}
   13 | char* Flash_Read_String(uint32_t Address, char *buffer, uint32_t buffer_size);
      |                                           ~~~~~~^~~~~~
make: *** [Drivers/Flash/subdir.mk:19: Drivers/Flash/flash.o] Error 1
make: *** Waiting for unfinished jobs....
"make -j12 all" terminated with exit code 2. Build might be incomplete.
16:13:31 **** Incremental Build of configuration Debug for project 103c8t6_flash ****
make -j12 all 
arm-none-eabi-gcc "../Drivers/Flash/flash.c" -mcpu=cortex-m3 -std=gnu11 -g3 -DDEBUG -DUSE_HAL_DRIVER -DSTM32F103xB -c -I../Core/Inc -I../Drivers/STM32F1xx_HAL_Driver/Inc/Legacy -I../Drivers/STM32F1xx_HAL_Driver/Inc -I../Drivers/CMSIS/Device/ST/STM32F1xx/Include -I../Drivers/CMSIS/Include -I"D:/ws-stm32/103c8t6_flash/Drivers/Flash" -O0 -ffunction-sections -fdata-sections -Wall -fstack-usage -fcyclomatic-complexity -MMD -MP -MF"Drivers/Flash/flash.d" -MT"Drivers/Flash/flash.o" --specs=nano.specs -mfloat-abi=soft -mthumb -o "Drivers/Flash/flash.o"
arm-none-eabi-gcc "../Core/Src/main.c" -mcpu=cortex-m3 -std=gnu11 -g3 -DDEBUG -DUSE_HAL_DRIVER -DSTM32F103xB -c -I../Core/Inc -I../Drivers/STM32F1xx_HAL_Driver/Inc/Legacy -I../Drivers/STM32F1xx_HAL_Driver/Inc -I../Drivers/CMSIS/Device/ST/STM32F1xx/Include -I../Drivers/CMSIS/Include -I"D:/ws-stm32/103c8t6_flash/Drivers/Flash" -O0 -ffunction-sections -fdata-sections -Wall -fstack-usage -fcyclomatic-complexity -MMD -MP -MF"Core/Src/main.d" -MT"Core/Src/main.o" --specs=nano.specs -mfloat-abi=soft -mthumb -o "Core/Src/main.o"
../Core/Src/main.c: In function 'main':
../Core/Src/main.c:119:13: warning: implicit declaration of function 'memset' [-Wimplicit-function-declaration]
  119 |             memset(readBuffer, 0, sizeof(readBuffer));
      |             ^~~~~~
../Core/Src/main.c:22:1: note: include '<string.h>' or provide a declaration of 'memset'
   21 | #include "flash.h"
  +++ |+#include <string.h>
   22 | /* Private includes ----------------------------------------------------------*/
../Core/Src/main.c:119:13: warning: incompatible implicit declaration of built-in function 'memset' [-Wbuiltin-declaration-mismatch]
  119 |             memset(readBuffer, 0, sizeof(readBuffer));
      |             ^~~~~~
../Core/Src/main.c:119:13: note: include '<string.h>' or provide a declaration of 'memset'
../Core/Src/main.c:125:52: warning: implicit declaration of function 'strlen' [-Wimplicit-function-declaration]
  125 |             HAL_UART_Transmit(&huart1, readBuffer, strlen((const char *)readBuffer), HAL_MAX_DELAY);
      |                                                    ^~~~~~
../Core/Src/main.c:125:52: note: include '<string.h>' or provide a declaration of 'strlen'
../Core/Src/main.c:125:52: warning: incompatible implicit declaration of built-in function 'strlen' [-Wbuiltin-declaration-mismatch]
../Core/Src/main.c:125:52: note: include '<string.h>' or provide a declaration of 'strlen'
arm-none-eabi-gcc -o "103c8t6_flash.elf" @"objects.list"   -mcpu=cortex-m3 -T"D:\ws-stm32\103c8t6_flash\STM32F103C8TX_FLASH.ld" --specs=nosys.specs -Wl,-Map="103c8t6_flash.map" -Wl,--gc-sections -static --specs=nano.specs -mfloat-abi=soft -mthumb -Wl,--start-group -lc -lm -Wl,--end-group
D:/p-program/stm32cubeide/STM32CubeIDE_1.16.1/STM32CubeIDE/plugins/com.st.stm32cube.ide.mcu.externaltools.gnu-tools-for-stm32.12.3.rel1.win32_1.0.200.202406191623/tools/bin/../lib/gcc/arm-none-eabi/12.3.1/../../../../arm-none-eabi/bin/ld.exe: ./Core/Src/main.o: in function `main':
D:/ws-stm32/103c8t6_flash/Debug/../Core/Src/main.c:122: undefined reference to `Flash_Read_String'
collect2.exe: error: ld returned 1 exit status
make: *** [makefile:65: 103c8t6_flash.elf] Error 1
"make -j12 all" terminated with exit code 2. Build might be incomplete.
16:19:12 **** Incremental Build of configuration Debug for project 103c8t6_flash ****
make -j12 all 
arm-none-eabi-gcc "../Drivers/Flash/flash.c" -mcpu=cortex-m3 -std=gnu11 -g3 -DDEBUG -DUSE_HAL_DRIVER -DSTM32F103xB -c -I../Core/Inc -I../Drivers/STM32F1xx_HAL_Driver/Inc/Legacy -I../Drivers/STM32F1xx_HAL_Driver/Inc -I../Drivers/CMSIS/Device/ST/STM32F1xx/Include -I../Drivers/CMSIS/Include -I"D:/ws-stm32/103c8t6_flash/Drivers/Flash" -O0 -ffunction-sections -fdata-sections -Wall -fstack-usage -fcyclomatic-complexity -MMD -MP -MF"Drivers/Flash/flash.d" -MT"Drivers/Flash/flash.o" --specs=nano.specs -mfloat-abi=soft -mthumb -o "Drivers/Flash/flash.o"
arm-none-eabi-gcc "../Core/Src/main.c" -mcpu=cortex-m3 -std=gnu11 -g3 -DDEBUG -DUSE_HAL_DRIVER -DSTM32F103xB -c -I../Core/Inc -I../Drivers/STM32F1xx_HAL_Driver/Inc/Legacy -I../Drivers/STM32F1xx_HAL_Driver/Inc -I../Drivers/CMSIS/Device/ST/STM32F1xx/Include -I../Drivers/CMSIS/Include -I"D:/ws-stm32/103c8t6_flash/Drivers/Flash" -O0 -ffunction-sections -fdata-sections -Wall -fstack-usage -fcyclomatic-complexity -MMD -MP -MF"Core/Src/main.d" -MT"Core/Src/main.o" --specs=nano.specs -mfloat-abi=soft -mthumb -o "Core/Src/main.o"
../Core/Src/main.c: In function 'main':
../Core/Src/main.c:122:13: warning: implicit declaration of function 'sprintf' [-Wimplicit-function-declaration]
  122 |             sprintf(buffer, "%lu", readNumber); // 使用 %lu 来格式化无符号长整型
      |             ^~~~~~~
../Core/Src/main.c:22:1: note: include '<stdio.h>' or provide a declaration of 'sprintf'
   21 | #include "flash.h"
  +++ |+#include <stdio.h>
   22 | /* Private includes ----------------------------------------------------------*/
../Core/Src/main.c:122:13: warning: incompatible implicit declaration of built-in function 'sprintf' [-Wbuiltin-declaration-mismatch]
  122 |             sprintf(buffer, "%lu", readNumber); // 使用 %lu 来格式化无符号长整型
      |             ^~~~~~~
../Core/Src/main.c:122:13: note: include '<stdio.h>' or provide a declaration of 'sprintf'
../Core/Src/main.c:123:59: warning: implicit declaration of function 'strlen' [-Wimplicit-function-declaration]
  123 |             HAL_UART_Transmit(&huart1, (uint8_t *)buffer, strlen(buffer), HAL_MAX_DELAY);
      |                                                           ^~~~~~
../Core/Src/main.c:22:1: note: include '<string.h>' or provide a declaration of 'strlen'
   21 | #include "flash.h"
  +++ |+#include <string.h>
   22 | /* Private includes ----------------------------------------------------------*/
../Core/Src/main.c:123:59: warning: incompatible implicit declaration of built-in function 'strlen' [-Wbuiltin-declaration-mismatch]
  123 |             HAL_UART_Transmit(&huart1, (uint8_t *)buffer, strlen(buffer), HAL_MAX_DELAY);
      |                                                           ^~~~~~
../Core/Src/main.c:123:59: note: include '<string.h>' or provide a declaration of 'strlen'
arm-none-eabi-gcc -o "103c8t6_flash.elf" @"objects.list"   -mcpu=cortex-m3 -T"D:\ws-stm32\103c8t6_flash\STM32F103C8TX_FLASH.ld" --specs=nosys.specs -Wl,-Map="103c8t6_flash.map" -Wl,--gc-sections -static --specs=nano.specs -mfloat-abi=soft -mthumb -Wl,--start-group -lc -lm -Wl,--end-group
Finished building target: 103c8t6_flash.elf
 
arm-none-eabi-size  103c8t6_flash.elf 
arm-none-eabi-objdump -h -S 103c8t6_flash.elf  > "103c8t6_flash.list"
   text	   data	    bss	    dec	    hex	filename
   9648	     92	   2008	  11748	   2de4	103c8t6_flash.elf
Finished building: default.size.stdout
 
Finished building: 103c8t6_flash.list
 
16:22:48 **** Incremental Build of configuration Debug for project 103c8t6_flash ****
make -j12 all 
arm-none-eabi-gcc "../Core/Src/main.c" -mcpu=cortex-m3 -std=gnu11 -g3 -DDEBUG -DUSE_HAL_DRIVER -DSTM32F103xB -c -I../Core/Inc -I../Drivers/STM32F1xx_HAL_Driver/Inc/Legacy -I../Drivers/STM32F1xx_HAL_Driver/Inc -I../Drivers/CMSIS/Device/ST/STM32F1xx/Include -I../Drivers/CMSIS/Include -I"D:/ws-stm32/103c8t6_flash/Drivers/Flash" -O0 -ffunction-sections -fdata-sections -Wall -fstack-usage -fcyclomatic-complexity -MMD -MP -MF"Core/Src/main.d" -MT"Core/Src/main.o" --specs=nano.specs -mfloat-abi=soft -mthumb -o "Core/Src/main.o"
../Core/Src/main.c: In function 'main':
../Core/Src/main.c:120:64: warning: implicit declaration of function 'strlen' [-Wimplicit-function-declaration]
  120 |             HAL_UART_Transmit(&huart1, (uint8_t *)&readNumber, strlen(readNumber), HAL_MAX_DELAY);
      |                                                                ^~~~~~
../Core/Src/main.c:22:1: note: include '<string.h>' or provide a declaration of 'strlen'
   21 | #include "flash.h"
  +++ |+#include <string.h>
   22 | /* Private includes ----------------------------------------------------------*/
../Core/Src/main.c:120:64: warning: incompatible implicit declaration of built-in function 'strlen' [-Wbuiltin-declaration-mismatch]
  120 |             HAL_UART_Transmit(&huart1, (uint8_t *)&readNumber, strlen(readNumber), HAL_MAX_DELAY);
      |                                                                ^~~~~~
../Core/Src/main.c:120:64: note: include '<string.h>' or provide a declaration of 'strlen'
../Core/Src/main.c:120:71: warning: passing argument 1 of 'strlen' makes pointer from integer without a cast [-Wint-conversion]
  120 |             HAL_UART_Transmit(&huart1, (uint8_t *)&readNumber, strlen(readNumber), HAL_MAX_DELAY);
      |                                                                       ^~~~~~~~~~
      |                                                                       |
      |                                                                       uint32_t {aka long unsigned int}
../Core/Src/main.c:120:71: note: expected 'const char *' but argument is of type 'uint32_t' {aka 'long unsigned int'}
arm-none-eabi-gcc -o "103c8t6_flash.elf" @"objects.list"   -mcpu=cortex-m3 -T"D:\ws-stm32\103c8t6_flash\STM32F103C8TX_FLASH.ld" --specs=nosys.specs -Wl,-Map="103c8t6_flash.map" -Wl,--gc-sections -static --specs=nano.specs -mfloat-abi=soft -mthumb -Wl,--start-group -lc -lm -Wl,--end-group
Finished building target: 103c8t6_flash.elf
 
arm-none-eabi-size  103c8t6_flash.elf 
arm-none-eabi-objdump -h -S 103c8t6_flash.elf  > "103c8t6_flash.list"
   text	   data	    bss	    dec	    hex	filename
   7160	     12	   1672	   8844	   228c	103c8t6_flash.elf
Finished building: default.size.stdout
 
Finished building: 103c8t6_flash.list
 
16:23:20 **** Incremental Build of configuration Debug for project 103c8t6_flash ****
make -j12 all 
arm-none-eabi-gcc "../Core/Src/main.c" -mcpu=cortex-m3 -std=gnu11 -g3 -DDEBUG -DUSE_HAL_DRIVER -DSTM32F103xB -c -I../Core/Inc -I../Drivers/STM32F1xx_HAL_Driver/Inc/Legacy -I../Drivers/STM32F1xx_HAL_Driver/Inc -I../Drivers/CMSIS/Device/ST/STM32F1xx/Include -I../Drivers/CMSIS/Include -I"D:/ws-stm32/103c8t6_flash/Drivers/Flash" -O0 -ffunction-sections -fdata-sections -Wall -fstack-usage -fcyclomatic-complexity -MMD -MP -MF"Core/Src/main.d" -MT"Core/Src/main.o" --specs=nano.specs -mfloat-abi=soft -mthumb -o "Core/Src/main.o"
arm-none-eabi-gcc -o "103c8t6_flash.elf" @"objects.list"   -mcpu=cortex-m3 -T"D:\ws-stm32\103c8t6_flash\STM32F103C8TX_FLASH.ld" --specs=nosys.specs -Wl,-Map="103c8t6_flash.map" -Wl,--gc-sections -static --specs=nano.specs -mfloat-abi=soft -mthumb -Wl,--start-group -lc -lm -Wl,--end-group
Finished building target: 103c8t6_flash.elf
 
arm-none-eabi-size  103c8t6_flash.elf 
arm-none-eabi-objdump -h -S 103c8t6_flash.elf  > "103c8t6_flash.list"
   text	   data	    bss	    dec	    hex	filename
   7124	     12	   1672	   8808	   2268	103c8t6_flash.elf
Finished building: default.size.stdout
 
Finished building: 103c8t6_flash.list
 
16:23:42 **** Incremental Build of configuration Debug for project 103c8t6_flash ****
make -j12 all 
arm-none-eabi-gcc "../Core/Src/main.c" -mcpu=cortex-m3 -std=gnu11 -g3 -DDEBUG -DUSE_HAL_DRIVER -DSTM32F103xB -c -I../Core/Inc -I../Drivers/STM32F1xx_HAL_Driver/Inc/Legacy -I../Drivers/STM32F1xx_HAL_Driver/Inc -I../Drivers/CMSIS/Device/ST/STM32F1xx/Include -I../Drivers/CMSIS/Include -I"D:/ws-stm32/103c8t6_flash/Drivers/Flash" -O0 -ffunction-sections -fdata-sections -Wall -fstack-usage -fcyclomatic-complexity -MMD -MP -MF"Core/Src/main.d" -MT"Core/Src/main.o" --specs=nano.specs -mfloat-abi=soft -mthumb -o "Core/Src/main.o"
../Core/Src/main.c: In function 'main':
../Core/Src/main.c:121:40: warning: passing argument 2 of 'HAL_UART_Transmit' from incompatible pointer type [-Wincompatible-pointer-types]
  121 |             HAL_UART_Transmit(&huart1, (uint32_t *)&readNumber, sizeof(readNumber), HAL_MAX_DELAY);
      |                                        ^~~~~~~~~~~~~~~~~~~~~~~
      |                                        |
      |                                        uint32_t * {aka long unsigned int *}
In file included from ../Core/Inc/stm32f1xx_hal_conf.h:338,
                 from ../Drivers/STM32F1xx_HAL_Driver/Inc/stm32f1xx_hal.h:29,
                 from ../Core/Inc/main.h:30,
                 from ../Core/Src/main.c:20:
../Drivers/STM32F1xx_HAL_Driver/Inc/stm32f1xx_hal_uart.h:749:79: note: expected 'const uint8_t *' {aka 'const unsigned char *'} but argument is of type 'uint32_t *' {aka 'long unsigned int *'}
  749 | HAL_StatusTypeDef HAL_UART_Transmit(UART_HandleTypeDef *huart, const uint8_t *pData, uint16_t Size, uint32_t Timeout);
      |                                                                ~~~~~~~~~~~~~~~^~~~~
arm-none-eabi-gcc -o "103c8t6_flash.elf" @"objects.list"   -mcpu=cortex-m3 -T"D:\ws-stm32\103c8t6_flash\STM32F103C8TX_FLASH.ld" --specs=nosys.specs -Wl,-Map="103c8t6_flash.map" -Wl,--gc-sections -static --specs=nano.specs -mfloat-abi=soft -mthumb -Wl,--start-group -lc -lm -Wl,--end-group
Finished building target: 103c8t6_flash.elf
 
arm-none-eabi-size  103c8t6_flash.elf 
arm-none-eabi-objdump -h -S 103c8t6_flash.elf  > "103c8t6_flash.list"
   text	   data	    bss	    dec	    hex	filename
   7124	     12	   1672	   8808	   2268	103c8t6_flash.elf
Finished building: default.size.stdout
 
Finished building: 103c8t6_flash.list
 
16:27:23 **** Incremental Build of configuration Debug for project 103c8t6_flash ****
make -j12 all 
arm-none-eabi-gcc "../Drivers/Flash/flash.c" -mcpu=cortex-m3 -std=gnu11 -g3 -DDEBUG -DUSE_HAL_DRIVER -DSTM32F103xB -c -I../Core/Inc -I../Drivers/STM32F1xx_HAL_Driver/Inc/Legacy -I../Drivers/STM32F1xx_HAL_Driver/Inc -I../Drivers/CMSIS/Device/ST/STM32F1xx/Include -I../Drivers/CMSIS/Include -I"D:/ws-stm32/103c8t6_flash/Drivers/Flash" -O0 -ffunction-sections -fdata-sections -Wall -fstack-usage -fcyclomatic-complexity -MMD -MP -MF"Drivers/Flash/flash.d" -MT"Drivers/Flash/flash.o" --specs=nano.specs -mfloat-abi=soft -mthumb -o "Drivers/Flash/flash.o"
arm-none-eabi-gcc -o "103c8t6_flash.elf" @"objects.list"   -mcpu=cortex-m3 -T"D:\ws-stm32\103c8t6_flash\STM32F103C8TX_FLASH.ld" --specs=nosys.specs -Wl,-Map="103c8t6_flash.map" -Wl,--gc-sections -static --specs=nano.specs -mfloat-abi=soft -mthumb -Wl,--start-group -lc -lm -Wl,--end-group
Finished building target: 103c8t6_flash.elf
 
arm-none-eabi-size  103c8t6_flash.elf 
arm-none-eabi-objdump -h -S 103c8t6_flash.elf  > "103c8t6_flash.list"
   text	   data	    bss	    dec	    hex	filename
   7156	     12	   1672	   8840	   2288	103c8t6_flash.elf
Finished building: default.size.stdout
 
Finished building: 103c8t6_flash.list
 
